Arguments: 
  C:\Program Files\nodejs\node.exe C:\Users\DKIN\AppData\Roaming\npm\node_modules\yarn\bin\yarn.js init

PATH: 
  C:\Program Files\Common Files\Oracle\Java\javapath;C:\Python39\Scripts\;C:\Python39\;C:\Program Files (x86)\Intel\Intel(R) Management Engine Components\iCLS\;C:\Program Files\Intel\Intel(R) Management Engine Components\iCLS\;C:\Python38\Scripts\;C:\Python38\;C:\WINDOWS\System32;C:\WINDOWS;C:\WINDOWS\System32\wbem;C:\WINDOWS\System32\WindowsPowerShell\v1.0\;C:\WINDOWS\System32\OpenSSH\;C:\Program Files (x86)\Intel\Intel(R) Management Engine Components\DAL;C:\Program Files\Intel\Intel(R) Management Engine Components\DAL;C:\Program Files (x86)\Intel\Intel(R) Management Engine Components\IPT;C:\Program Files\Intel\Intel(R) Management Engine Components\IPT;C:\Program Files (x86)\NVIDIA Corporation\PhysX\Common;C:\Users\DKIN\flutter\flutter\bin;C:\Program Files\Java\jdk-13.0.1\bin;C:\WINDOWS\System32;C:\WINDOWS;C:\MinGW\bin;C:\WINDOWS\System32\wbem;C:\WINDOWS\System32\WindowsPowerShell\v1.0\;C:\WINDOWS\System32\OpenSSH\;C:\Program Files\dotnet\;C:\ProgramData\pbox;C:\Programs\mingw-tdm-gcc\bin;C:\Programs\mingw-tdm-gcc\mingw32\bin;C:\Programs\mingw-tdm-gcc\msys\1.0\bin;C:\Programs\mingw-tdm-gcc\msys\1.0\sbin;C:\ProgramData\chocolatey\bin;C:\Program Files (x86)\GnuPG\bin;C:\Program Files\Git\cmd;C:\Program Files\nodejs\;C:\Ruby27-x64\bin;C:\Ruby30-x64\bin;C:\Users\DKIN\AppData\Local\Programs\Python\Python38-32\Scripts\;C:\Users\DKIN\AppData\Local\Programs\Python\Python38-32\;C:\Python36\Scripts\;C:\Python36\;C:\Users\DKIN\AppData\Local\Microsoft\WindowsApps;C:\Users\DKIN\AppData\Local\GitHubDesktop\bin;C:\Users\DKIN\AppData\Local\Microsoft\WindowsApps;;C:\Program Files\JetBrains\CLion 2019.3.5\bin;;C:\Users\DKIN\AppData\Local\Programs\Microsoft VS Code\bin;C:\Users\DKIN\AppData\Local\hyper\app-3.0.2\resources\bin;C:\Users\DKIN\AppData\Local\Programs\Microsoft VS Code Insiders\bin;C:\Users\DKIN\AppData\Roaming\npm

Yarn version: 
  1.22.17

Node version: 
  16.13.0

Platform: 
  win32 x64

Trace: 
  Error: canceled
      at Interface.<anonymous> (C:\Users\DKIN\AppData\Roaming\npm\node_modules\yarn\lib\cli.js:137143:13)
      at Interface.emit (node:events:390:28)
      at Interface._ttyWrite (node:readline:1081:16)
      at ReadStream.onkeypress (node:readline:288:10)
      at ReadStream.emit (node:events:390:28)
      at emitKeys (node:internal/readline/utils:358:14)
      at emitKeys.next (<anonymous>)
      at ReadStream.onData (node:internal/readline/emitKeypressEvents:61:36)
      at ReadStream.emit (node:events:390:28)
      at addChunk (node:internal/streams/readable:315:12)

npm manifest: 
  No manifest

yarn manifest: 
  No manifest

Lockfile: 
  No lockfile
